Tue Apr 26 15:02:34 BRT 2016 : Apache Derby Network Server - 10.10.2.0 - (1582446) started and ready to accept connections on port 1527
----------------------------------------------------------------
Tue Apr 26 15:02:34 BRT 2016:
Booting Derby version The Apache Software Foundation - Apache Derby - 10.10.2.0 - (1582446): instance a816c00e-0154-53bc-acdc-ffff943931f2 
on database directory C:\Users\juliano.lopes\Documents\NetBeansProjects\MercadoVirtual\mercado_virtual_proj with class loader sun.misc.Launcher$AppClassLoader@5e2de80c 
Loaded from file:/C:/glassfish4/javadb/lib/derby.jar
java.vendor=Oracle Corporation
java.runtime.version=1.8.0_60-b27
user.dir=C:\glassfish4\javadb
os.name=Windows 7
os.arch=amd64
os.version=6.1
derby.system.home=C:\Users\juliano.lopes\Documents\NetBeansProjects\MercadoVirtual
Database Class Loader started - derby.database.classpath=''
----------------------------------------------------------------
Tue Apr 26 15:05:00 BRT 2016: Shutting down Derby engine
----------------------------------------------------------------
Tue Apr 26 15:05:00 BRT 2016:
Shutting down instance a816c00e-0154-53bc-acdc-ffff943931f2 on database directory C:\Users\juliano.lopes\Documents\NetBeansProjects\MercadoVirtual\mercado_virtual_proj with class loader sun.misc.Launcher$AppClassLoader@5e2de80c 
----------------------------------------------------------------
